<?xml version="1.0" encoding="utf-8"?>
<coverage line-rate="1" branch-rate="1" version="1.9" timestamp="1746061357" lines-covered="18" lines-valid="18" branches-covered="2" branches-valid="2">
  <sources>
    <source>D:\Biblioteca\Videos\Patrones\lab4\lab-2025-i-cps-u1-04-csharp-jf2021070309\Comportamiento\Comportamiento.Domain\</source>
  </sources>
  <packages>
    <package name="Comportamiento.Domain" line-rate="1" branch-rate="1" complexity="6">
      <classes>
        <class name="Comportamiento.Domain.CashPaymentStrategy" filename="CashPaymentStrategy.cs" line-rate="1" branch-rate="1" complexity="1">
          <methods>
            <method name="Pay" signature="(System.Double)" line-rate="1" branch-rate="1" complexity="1">
              <lines>
                <line number="15" hits="1" branch="False" />
                <line number="17" hits="1" branch="False" />
                <line number="18" hits="1" branch="False" />
              </lines>
            </method>
          </methods>
          <lines>
            <line number="15" hits="1" branch="False" />
            <line number="17" hits="1" branch="False" />
            <line number="18" hits="1" branch="False" />
          </lines>
        </class>
        <class name="Comportamiento.Domain.CreditCardPaymentStrategy" filename="CreditCardPaymentStrategy.cs" line-rate="1" branch-rate="1" complexity="1">
          <methods>
            <method name="Pay" signature="(System.Double)" line-rate="1" branch-rate="1" complexity="1">
              <lines>
                <line number="15" hits="1" branch="False" />
                <line number="17" hits="1" branch="False" />
                <line number="18" hits="1" branch="False" />
              </lines>
            </method>
          </methods>
          <lines>
            <line number="15" hits="1" branch="False" />
            <line number="17" hits="1" branch="False" />
            <line number="18" hits="1" branch="False" />
          </lines>
        </class>
        <class name="Comportamiento.Domain.DebitCardPaymentStrategy" filename="DebitCardPaymentStrategy.cs" line-rate="1" branch-rate="1" complexity="1">
          <methods>
            <method name="Pay" signature="(System.Double)" line-rate="1" branch-rate="1" complexity="1">
              <lines>
                <line number="15" hits="1" branch="False" />
                <line number="17" hits="1" branch="False" />
                <line number="18" hits="1" branch="False" />
              </lines>
            </method>
          </methods>
          <lines>
            <line number="15" hits="1" branch="False" />
            <line number="17" hits="1" branch="False" />
            <line number="18" hits="1" branch="False" />
          </lines>
        </class>
        <class name="Comportamiento.Domain.PaymentContext" filename="PaymentContext.cs" line-rate="1" branch-rate="1" complexity="3">
          <methods>
            <method name="SetPaymentStrategy" signature="(Comportamiento.Domain.IPaymentStrategy)" line-rate="1" branch-rate="1" complexity="1">
              <lines>
                <line number="18" hits="3" branch="False" />
                <line number="19" hits="3" branch="False" />
                <line number="20" hits="3" branch="False" />
              </lines>
            </method>
            <method name="ProcessPayment" signature="(System.Double)" line-rate="1" branch-rate="1" complexity="2">
              <lines>
                <line number="29" hits="4" branch="False" />
                <line number="31" hits="4" branch="True" condition-coverage="100% (2/2)">
                  <conditions>
                    <condition number="12" type="jump" coverage="100%" />
                  </conditions>
                </line>
                <line number="32" hits="1" branch="False" />
                <line number="33" hits="1" branch="False" />
                <line number="37" hits="3" branch="False" />
                <line number="38" hits="3" branch="False" />
              </lines>
            </method>
          </methods>
          <lines>
            <line number="18" hits="3" branch="False" />
            <line number="19" hits="3" branch="False" />
            <line number="20" hits="3" branch="False" />
            <line number="29" hits="4" branch="False" />
            <line number="31" hits="4" branch="True" condition-coverage="100% (2/2)">
              <conditions>
                <condition number="12" type="jump" coverage="100%" />
              </conditions>
            </line>
            <line number="32" hits="1" branch="False" />
            <line number="33" hits="1" branch="False" />
            <line number="37" hits="3" branch="False" />
            <line number="38" hits="3" branch="False" />
          </lines>
        </class>
      </classes>
    </package>
  </packages>
</coverage>